<?xml version="1.0" encoding="UTF-8"?>
<!-- Generated by org.testng.reporters.JUnitReportReporter -->
<testsuite hostname="AMITSIN02" name="fileInput" tests="1" failures="0" timestamp="10 Jun 2018 20:54:54 GMT" time="0.469" errors="0">
  <testcase name="fileInput" time="0.469" classname="fileInput"/>
</testsuite> <!-- fileInput -->
