<?xml version="1.0" encoding="UTF-8"?>
<!-- Generated by org.testng.reporters.JUnitReportReporter -->
<testsuite hostname="AMITSIN02" name="com.amdocs.RestAssuredDemoAmit.fileInput" tests="1" failures="0" timestamp="12 Jun 2018 03:03:44 GMT" time="4.116" errors="0">
  <testcase name="fileInput" time="4.116" classname="com.amdocs.RestAssuredDemoAmit.fileInput"/>
</testsuite> <!-- com.amdocs.RestAssuredDemoAmit.fileInput -->
