<?xml version="1.0" encoding="UTF-8"?>
<!-- Generated by org.testng.reporters.JUnitReportReporter -->
<testsuite hostname="AMITSIN02" name="com.amdocs.RestAssuredDemoAmit.getPlaceNG" tests="1" failures="0" timestamp="16 Jun 2018 04:15:32 GMT" time="5.287" errors="0">
  <testcase name="getPlaceNG" time="5.287" classname="com.amdocs.RestAssuredDemoAmit.getPlaceNG"/>
</testsuite> <!-- com.amdocs.RestAssuredDemoAmit.getPlaceNG -->
