<?xml version="1.0" encoding="UTF-8"?>
<!-- Generated by org.testng.reporters.JUnitReportReporter -->
<testsuite hostname="AMITSIN02" name="com.amdocs.RestAssuredDemoAmit.addPlaceNG" tests="1" failures="0" timestamp="10 Jun 2018 19:02:00 GMT" time="3.118" errors="0">
  <testcase name="addPlaceNG" time="3.118" classname="com.amdocs.RestAssuredDemoAmit.addPlaceNG"/>
</testsuite> <!-- com.amdocs.RestAssuredDemoAmit.addPlaceNG -->
