<?xml version="1.0" encoding="UTF-8"?>
<!-- Generated by org.testng.reporters.JUnitReportReporter -->
<testsuite hostname="AMITSIN02" name="com.amdocs.RestAssuredDemoAmit.addAndDeletePlaceNGusingFile" tests="1" failures="0" timestamp="10 Jun 2018 20:58:08 GMT" time="0.330" errors="0">
  <testcase name="addAndDeletePlaceNGusingFile" time="0.330" classname="com.amdocs.RestAssuredDemoAmit.addAndDeletePlaceNGusingFile"/>
</testsuite> <!-- com.amdocs.RestAssuredDemoAmit.addAndDeletePlaceNGusingFile -->
